<?xml version="1.0" encoding="utf-8"?><testsuites name="pytest tests"><testsuite name="pytest" errors="0" failures="0" skipped="0" tests="20" time="6.012" timestamp="2026-05-05T13:20:34.615960+00:00" hostname="agent-env-1093c1cb-d660-4519-92b4-d1ff28e427a0"><testcase classname="backend.tests.test_blog_api" name="test_health_root" time="0.151" /><testcase classname="backend.tests.test_blog_api.TestAuth" name="test_register_new_teacher_sets_cookie" time="0.441" /><testcase classname="backend.tests.test_blog_api.TestAuth" name="test_register_duplicate_email_returns_400_arabic" time="0.106" /><testcase classname="backend.tests.test_blog_api.TestAuth" name="test_login_seeded_user_success_cookie" time="0.354" /><testcase classname="backend.tests.test_blog_api.TestAuth" name="test_login_wrong_password_401" time="0.343" /><testcase classname="backend.tests.test_blog_api.TestAuth" name="test_me_without_cookie_returns_401" time="0.114" /><testcase classname="backend.tests.test_blog_api.TestAuth" name="test_logout_clears_cookie" time="0.427" /><testcase classname="backend.tests.test_blog_api.TestArticles" name="test_list_articles_no_auth" time="0.137" /><testcase classname="backend.tests.test_blog_api.TestArticles" name="test_create_article_requires_auth" time="0.121" /><testcase classname="backend.tests.test_blog_api.TestArticles" name="test_create_get_delete_article" time="0.781" /><testcase classname="backend.tests.test_blog_api.TestArticles" name="test_delete_article_non_owner_forbidden" time="0.503" /><testcase classname="backend.tests.test_blog_api.TestArticles" name="test_admin_can_delete_any_article" time="0.538" /><testcase classname="backend.tests.test_blog_api.TestArticles" name="test_get_nonexistent_article_404" time="0.127" /><testcase classname="backend.tests.test_blog_api.TestLikes" name="test_like_toggle" time="0.259" /><testcase classname="backend.tests.test_blog_api.TestLikes" name="test_like_requires_auth" time="0.242" /><testcase classname="backend.tests.test_blog_api.TestComments" name="test_list_comments_no_auth" time="0.243" /><testcase classname="backend.tests.test_blog_api.TestComments" name="test_add_and_delete_comment" time="0.482" /><testcase classname="backend.tests.test_blog_api.TestComments" name="test_add_comment_requires_auth" time="0.248" /><testcase classname="backend.tests.test_blog_api.TestComments" name="test_delete_other_user_comment_forbidden" time="0.206" /><testcase classname="backend.tests.test_blog_api.TestCORS" name="test_cors_allows_frontend_origin_with_credentials" time="0.121" /></testsuite></testsuites>