<?xml version="1.0" encoding="utf-8"?><testsuites name="pytest tests"><testsuite name="pytest" errors="0" failures="1" skipped="0" tests="19" time="7.103" timestamp="2026-05-05T14:50:15.358005+00:00" hostname="agent-env-1093c1cb-d660-4519-92b4-d1ff28e427a0"><testcase classname="backend.tests.test_admin_panel.TestAdminStats" name="test_stats_admin_ok" time="0.582" /><testcase classname="backend.tests.test_admin_panel.TestAdminStats" name="test_stats_teacher_forbidden" time="0.420"><failure message="AssertionError: assert 'الإدارة' in 'هذه الصفحة مخصصة للإدارة فقط'&#10; +  where 'هذه الصفحة مخصصة للإدارة فقط' = &lt;built-in method get of dict object at 0xfe649c024b00&gt;('detail', '')&#10; +    where &lt;built-in method get of dict object at 0xfe649c024b00&gt; = {'detail': 'هذه الصفحة مخصصة للإدارة فقط'}.get&#10; +      where {'detail': 'هذه الصفحة مخصصة للإدارة فقط'} = json()&#10; +        where json = &lt;Response [403]&gt;.json">backend/tests/test_admin_panel.py:81: in test_stats_teacher_forbidden
    assert "الإدارة" in r.json().get("detail", "")
E   AssertionError: assert 'الإدارة' in 'هذه الصفحة مخصصة للإدارة فقط'
E    +  where 'هذه الصفحة مخصصة للإدارة فقط' = &lt;built-in method get of dict object at 0xfe649c024b00&gt;('detail', '')
E    +    where &lt;built-in method get of dict object at 0xfe649c024b00&gt; = {'detail': 'هذه الصفحة مخصصة للإدارة فقط'}.get
E    +      where {'detail': 'هذه الصفحة مخصصة للإدارة فقط'} = json()
E    +        where json = &lt;Response [403]&gt;.json</failure></testcase><testcase classname="backend.tests.test_admin_panel.TestAdminStats" name="test_stats_unauth_401" time="0.108" /><testcase classname="backend.tests.test_admin_panel.TestAdminListUsers" name="test_list_users_admin_ok" time="0.076" /><testcase classname="backend.tests.test_admin_panel.TestAdminListUsers" name="test_list_users_teacher_forbidden" time="0.076" /><testcase classname="backend.tests.test_admin_panel.TestAdminUpdateUser" name="test_promote_teacher_to_admin_and_back" time="0.615" /><testcase classname="backend.tests.test_admin_panel.TestAdminUpdateUser" name="test_block_unblock_user" time="0.558" /><testcase classname="backend.tests.test_admin_panel.TestAdminUpdateUser" name="test_admin_cannot_demote_self" time="0.215" /><testcase classname="backend.tests.test_admin_panel.TestAdminUpdateUser" name="test_admin_cannot_block_self" time="0.140" /><testcase classname="backend.tests.test_admin_panel.TestAdminUpdateUser" name="test_update_nonexistent_user_404" time="0.072" /><testcase classname="backend.tests.test_admin_panel.TestAdminUpdateUser" name="test_teacher_cannot_update_users" time="0.480" /><testcase classname="backend.tests.test_admin_panel.TestBlockedUser" name="test_blocked_user_cannot_login" time="0.842" /><testcase classname="backend.tests.test_admin_panel.TestBlockedUser" name="test_blocked_user_existing_token_rejected" time="0.581" /><testcase classname="backend.tests.test_admin_panel.TestAdminDeleteUser" name="test_admin_cannot_delete_self" time="0.068" /><testcase classname="backend.tests.test_admin_panel.TestAdminDeleteUser" name="test_delete_nonexistent_user_404" time="0.080" /><testcase classname="backend.tests.test_admin_panel.TestAdminDeleteUser" name="test_teacher_cannot_delete_user" time="0.527" /><testcase classname="backend.tests.test_admin_panel.TestAdminDeleteUser" name="test_delete_user_cascades_articles_comments_likes" time="1.222" /><testcase classname="backend.tests.test_admin_panel.TestAdminComments" name="test_admin_list_comments_ok" time="0.251" /><testcase classname="backend.tests.test_admin_panel.TestAdminComments" name="test_admin_comments_teacher_forbidden" time="0.075" /></testsuite></testsuites>