<?xml version="1.0" encoding="utf-8"?><testsuites name="pytest tests"><testsuite name="pytest" errors="0" failures="0" skipped="3" tests="28" time="8.180" timestamp="2026-05-05T14:02:30.767271+00:00" hostname="agent-env-1093c1cb-d660-4519-92b4-d1ff28e427a0"><testcase classname="backend.tests.test_blog_api" name="test_health_root" time="0.193" /><testcase classname="backend.tests.test_blog_api.TestAuth" name="test_register_new_teacher_sets_cookie" time="0.416" /><testcase classname="backend.tests.test_blog_api.TestAuth" name="test_register_duplicate_email_returns_400_arabic" time="0.145" /><testcase classname="backend.tests.test_blog_api.TestAuth" name="test_login_seeded_user_success_cookie" time="0.372" /><testcase classname="backend.tests.test_blog_api.TestAuth" name="test_login_wrong_password_401" time="0.377" /><testcase classname="backend.tests.test_blog_api.TestAuth" name="test_me_without_cookie_returns_401" time="0.156" /><testcase classname="backend.tests.test_blog_api.TestAuth" name="test_logout_clears_cookie" time="0.470" /><testcase classname="backend.tests.test_blog_api.TestArticles" name="test_list_articles_no_auth" time="0.129" /><testcase classname="backend.tests.test_blog_api.TestArticles" name="test_create_article_requires_auth" time="0.119" /><testcase classname="backend.tests.test_blog_api.TestArticles" name="test_create_get_delete_article" time="0.766" /><testcase classname="backend.tests.test_blog_api.TestArticles" name="test_delete_article_non_owner_forbidden" time="0.537" /><testcase classname="backend.tests.test_blog_api.TestArticles" name="test_admin_can_delete_any_article" time="0.673" /><testcase classname="backend.tests.test_blog_api.TestArticles" name="test_get_nonexistent_article_404" time="0.154" /><testcase classname="backend.tests.test_blog_api.TestArticleUpdate" name="test_update_requires_auth" time="0.263" /><testcase classname="backend.tests.test_blog_api.TestArticleUpdate" name="test_update_owner_partial_title_only" time="0.334" /><testcase classname="backend.tests.test_blog_api.TestArticleUpdate" name="test_update_owner_partial_content_only" time="0.203" /><testcase classname="backend.tests.test_blog_api.TestArticleUpdate" name="test_update_owner_full_payload" time="0.188" /><testcase classname="backend.tests.test_blog_api.TestArticleUpdate" name="test_update_non_owner_forbidden" time="0.355" /><testcase classname="backend.tests.test_blog_api.TestArticleUpdate" name="test_update_admin_can_edit_any_article" time="0.334" /><testcase classname="backend.tests.test_blog_api.TestArticleUpdate" name="test_update_nonexistent_article_404" time="0.059" /><testcase classname="backend.tests.test_blog_api.TestArticleUpdate" name="test_update_validation_short_title" time="0.188" /><testcase classname="backend.tests.test_blog_api.TestLikes" name="test_like_toggle" time="0.308" /><testcase classname="backend.tests.test_blog_api.TestLikes" name="test_like_requires_auth" time="0.133"><skipped type="pytest.skip" message="no articles seeded">/app/backend/tests/test_blog_api.py:407: no articles seeded</skipped></testcase><testcase classname="backend.tests.test_blog_api.TestComments" name="test_list_comments_no_auth" time="0.131"><skipped type="pytest.skip" message="no articles">/app/backend/tests/test_blog_api.py:417: no articles</skipped></testcase><testcase classname="backend.tests.test_blog_api.TestComments" name="test_add_and_delete_comment" time="0.525" /><testcase classname="backend.tests.test_blog_api.TestComments" name="test_add_comment_requires_auth" time="0.130"><skipped type="pytest.skip" message="no articles">/app/backend/tests/test_blog_api.py:454: no articles</skipped></testcase><testcase classname="backend.tests.test_blog_api.TestComments" name="test_delete_other_user_comment_forbidden" time="0.258" /><testcase classname="backend.tests.test_blog_api.TestCORS" name="test_cors_allows_frontend_origin_with_credentials" time="0.134" /></testsuite></testsuites>